<?xml version="1.0" encoding="UTF-8" ?>
<testsuite tests="20" failures="0" name="com.macgowan.runner.RunCukeTest" time="0.016" errors="2" skipped="1">
  <properties>
[...]
</properties>
  <testcase classname="Scenario: validate the possim positive logon" name="Given I open the bluerayon test application using possim" time="0.001"/>
  <testcase classname="Scenario: validate the possim positive logon" name="When I logon to the system using the following values:" time="0"/>
  <testcase classname="Scenario: validate the possim positive logon" name="Then The item page is displayed" time="0.004">
    <error message="Unable to locate element: {&quot;method&quot;:&quot;id&quot;,&quot;selector&quot;:&quot;pageHeaderItems&quot;}
Command duration or timeout: 225 milliseconds
For documentation on this error, please visit: http://seleniumhq.org/exceptions/no_such_element.html
Build info: version: &apos;2.53.1&apos;, revision: &apos;a36b8b1cd5757287168e54b817830adce9b0158d&apos;, time: &apos;2016-06-30 19:26:09&apos;
System info: host: &apos;chrismac2.local&apos;, ip: &apos;172.20.147.18&apos;, os.name: &apos;Mac OS X&apos;, os.arch: &apos;x86_64&apos;, os.version: &apos;10.11.6&apos;, java.version: &apos;1.8.0_51&apos;
Driver info: org.openqa.selenium.firefox.FirefoxDriver
Capabilities [{applicationCacheEnabled=true, rotatable=false, handlesAlerts=true, databaseEnabled=true, version=46.0, platform=MAC, nativeEvents=false, acceptSslCerts=true, webStorageEnabled=true, locationContextEnabled=true, browserName=firefox, takesScreenshot=true, javascriptEnabled=true, cssSelectorsEnabled=true}]
Session ID: df475bc4-0495-9b4b-891b-ad4d8e0b190c
*** Element info: {Using=id, value=pageHeaderItems}" type="org.openqa.selenium.NoSuchElementException">org.openqa.selenium.NoSuchElementException: Unable to locate element: {&quot;method&quot;:&quot;id&quot;,&quot;selector&quot;:&quot;pageHeaderItems&quot;}
Command duration or timeout: 225 milliseconds
For documentation on this error, please visit: http://seleniumhq.org/exceptions/no_such_element.html
Build info: version: &apos;2.53.1&apos;, revision: &apos;a36b8b1cd5757287168e54b817830adce9b0158d&apos;, time: &apos;2016-06-30 19:26:09&apos;
System info: host: &apos;chrismac2.local&apos;, ip: &apos;172.20.147.18&apos;, os.name: &apos;Mac OS X&apos;, os.arch: &apos;x86_64&apos;, os.version: &apos;10.11.6&apos;, java.version: &apos;1.8.0_51&apos;
Driver info: org.openqa.selenium.firefox.FirefoxDriver
Capabilities [{applicationCacheEnabled=true, rotatable=false, handlesAlerts=true, databaseEnabled=true, version=46.0, platform=MAC, nativeEvents=false, acceptSslCerts=true, webStorageEnabled=true, locationContextEnabled=true, browserName=firefox, takesScreenshot=true, javascriptEnabled=true, cssSelectorsEnabled=true}]
Session ID: df475bc4-0495-9b4b-891b-ad4d8e0b190c
*** Element info: {Using=id, value=pageHeaderItems}
	at sun.reflect.NativeConstructorAccessorImpl.newInstance0(Native Method)
	at sun.reflect.NativeConstructorAccessorImpl.newInstance(NativeConstructorAccessorImpl.java:62)
	at sun.reflect.DelegatingConstructorAccessorImpl.newInstance(DelegatingConstructorAccessorImpl.java:45)
	at java.lang.reflect.Constructor.newInstance(Constructor.java:422)
	at org.openqa.selenium.remote.ErrorHandler.createThrowable(ErrorHandler.java:206)
	at org.openqa.selenium.remote.ErrorHandler.throwIfResponseFailed(ErrorHandler.java:158)
	at org.openqa.selenium.remote.RemoteWebDriver.execute(RemoteWebDriver.java:678)
	at org.openqa.selenium.remote.RemoteWebDriver.findElement(RemoteWebDriver.java:363)
	at org.openqa.selenium.remote.RemoteWebDriver.findElementById(RemoteWebDriver.java:413)
	at org.openqa.selenium.By$ById.findElement(By.java:218)
	at org.openqa.selenium.remote.RemoteWebDriver.findElement(RemoteWebDriver.java:355)
	at com.macgowan.pages.possimulation.PosSimItemsPage.getItemPageHeaderElement(PosSimItemsPage.java:22)
	at com.macgowan.steps.possimulator.PosSimItemsSteps.logon_validation_page_is_displayed(PosSimItemsSteps.java:46)
	at ✽.Then The item page is displayed(features/possimulation/possimlogon.feature:12)
Caused by: org.openqa.selenium.NoSuchElementException: Unable to locate element: {&quot;method&quot;:&quot;id&quot;,&quot;selector&quot;:&quot;pageHeaderItems&quot;}
For documentation on this error, please visit: http://seleniumhq.org/exceptions/no_such_element.html
Build info: version: &apos;2.53.1&apos;, revision: &apos;a36b8b1cd5757287168e54b817830adce9b0158d&apos;, time: &apos;2016-06-30 19:26:09&apos;
System info: host: &apos;chrismac2.local&apos;, ip: &apos;172.20.147.18&apos;, os.name: &apos;Mac OS X&apos;, os.arch: &apos;x86_64&apos;, os.version: &apos;10.11.6&apos;, java.version: &apos;1.8.0_51&apos;
Driver info: driver.version: unknown
	at &lt;anonymous class&gt;.FirefoxDriver.prototype.findElementInternal_(file:///var/folders/q9/g34lf2p1191bnkkvwcf6bq7m0000gn/T/anonymous5308597434034993623webdriver-profile/extensions/fxdriver@googlecode.com/components/driver-component.js:10770)
	at &lt;anonymous class&gt;.FirefoxDriver.prototype.findElement(file:///var/folders/q9/g34lf2p1191bnkkvwcf6bq7m0000gn/T/anonymous5308597434034993623webdriver-profile/extensions/fxdriver@googlecode.com/components/driver-component.js:10779)
	at &lt;anonymous class&gt;.DelayedCommand.prototype.executeInternal_/h(file:///var/folders/q9/g34lf2p1191bnkkvwcf6bq7m0000gn/T/anonymous5308597434034993623webdriver-profile/extensions/fxdriver@googlecode.com/components/command-processor.js:12661)
	at &lt;anonymous class&gt;.DelayedCommand.prototype.executeInternal_(file:///var/folders/q9/g34lf2p1191bnkkvwcf6bq7m0000gn/T/anonymous5308597434034993623webdriver-profile/extensions/fxdriver@googlecode.com/components/command-processor.js:12666)
	at &lt;anonymous class&gt;.DelayedCommand.prototype.execute/&lt;(file:///var/folders/q9/g34lf2p1191bnkkvwcf6bq7m0000gn/T/anonymous5308597434034993623webdriver-profile/extensions/fxdriver@googlecode.com/components/command-processor.js:12608)
</error>
  </testcase>
  <testcase classname="Scenario: validate the possim positive logon" name="Scenario: validate the possim positive logon" time="0.005">
    <error message="Unable to locate element: {&quot;method&quot;:&quot;id&quot;,&quot;selector&quot;:&quot;pageHeaderItems&quot;}
Command duration or timeout: 225 milliseconds
For documentation on this error, please visit: http://seleniumhq.org/exceptions/no_such_element.html
Build info: version: &apos;2.53.1&apos;, revision: &apos;a36b8b1cd5757287168e54b817830adce9b0158d&apos;, time: &apos;2016-06-30 19:26:09&apos;
System info: host: &apos;chrismac2.local&apos;, ip: &apos;172.20.147.18&apos;, os.name: &apos;Mac OS X&apos;, os.arch: &apos;x86_64&apos;, os.version: &apos;10.11.6&apos;, java.version: &apos;1.8.0_51&apos;
Driver info: org.openqa.selenium.firefox.FirefoxDriver
Capabilities [{applicationCacheEnabled=true, rotatable=false, handlesAlerts=true, databaseEnabled=true, version=46.0, platform=MAC, nativeEvents=false, acceptSslCerts=true, webStorageEnabled=true, locationContextEnabled=true, browserName=firefox, takesScreenshot=true, javascriptEnabled=true, cssSelectorsEnabled=true}]
Session ID: df475bc4-0495-9b4b-891b-ad4d8e0b190c
*** Element info: {Using=id, value=pageHeaderItems}" type="org.openqa.selenium.NoSuchElementException">org.openqa.selenium.NoSuchElementException: Unable to locate element: {&quot;method&quot;:&quot;id&quot;,&quot;selector&quot;:&quot;pageHeaderItems&quot;}
Command duration or timeout: 225 milliseconds
For documentation on this error, please visit: http://seleniumhq.org/exceptions/no_such_element.html
Build info: version: &apos;2.53.1&apos;, revision: &apos;a36b8b1cd5757287168e54b817830adce9b0158d&apos;, time: &apos;2016-06-30 19:26:09&apos;
System info: host: &apos;chrismac2.local&apos;, ip: &apos;172.20.147.18&apos;, os.name: &apos;Mac OS X&apos;, os.arch: &apos;x86_64&apos;, os.version: &apos;10.11.6&apos;, java.version: &apos;1.8.0_51&apos;
Driver info: org.openqa.selenium.firefox.FirefoxDriver
Capabilities [{applicationCacheEnabled=true, rotatable=false, handlesAlerts=true, databaseEnabled=true, version=46.0, platform=MAC, nativeEvents=false, acceptSslCerts=true, webStorageEnabled=true, locationContextEnabled=true, browserName=firefox, takesScreenshot=true, javascriptEnabled=true, cssSelectorsEnabled=true}]
Session ID: df475bc4-0495-9b4b-891b-ad4d8e0b190c
*** Element info: {Using=id, value=pageHeaderItems}
	at sun.reflect.NativeConstructorAccessorImpl.newInstance0(Native Method)
	at sun.reflect.NativeConstructorAccessorImpl.newInstance(NativeConstructorAccessorImpl.java:62)
	at sun.reflect.DelegatingConstructorAccessorImpl.newInstance(DelegatingConstructorAccessorImpl.java:45)
	at java.lang.reflect.Constructor.newInstance(Constructor.java:422)
	at org.openqa.selenium.remote.ErrorHandler.createThrowable(ErrorHandler.java:206)
	at org.openqa.selenium.remote.ErrorHandler.throwIfResponseFailed(ErrorHandler.java:158)
	at org.openqa.selenium.remote.RemoteWebDriver.execute(RemoteWebDriver.java:678)
	at org.openqa.selenium.remote.RemoteWebDriver.findElement(RemoteWebDriver.java:363)
	at org.openqa.selenium.remote.RemoteWebDriver.findElementById(RemoteWebDriver.java:413)
	at org.openqa.selenium.By$ById.findElement(By.java:218)
	at org.openqa.selenium.remote.RemoteWebDriver.findElement(RemoteWebDriver.java:355)
	at com.macgowan.pages.possimulation.PosSimItemsPage.getItemPageHeaderElement(PosSimItemsPage.java:22)
	at com.macgowan.steps.possimulator.PosSimItemsSteps.logon_validation_page_is_displayed(PosSimItemsSteps.java:46)
	at ✽.Then The item page is displayed(features/possimulation/possimlogon.feature:12)
Caused by: org.openqa.selenium.NoSuchElementException: Unable to locate element: {&quot;method&quot;:&quot;id&quot;,&quot;selector&quot;:&quot;pageHeaderItems&quot;}
For documentation on this error, please visit: http://seleniumhq.org/exceptions/no_such_element.html
Build info: version: &apos;2.53.1&apos;, revision: &apos;a36b8b1cd5757287168e54b817830adce9b0158d&apos;, time: &apos;2016-06-30 19:26:09&apos;
System info: host: &apos;chrismac2.local&apos;, ip: &apos;172.20.147.18&apos;, os.name: &apos;Mac OS X&apos;, os.arch: &apos;x86_64&apos;, os.version: &apos;10.11.6&apos;, java.version: &apos;1.8.0_51&apos;
Driver info: driver.version: unknown
	at &lt;anonymous class&gt;.FirefoxDriver.prototype.findElementInternal_(file:///var/folders/q9/g34lf2p1191bnkkvwcf6bq7m0000gn/T/anonymous5308597434034993623webdriver-profile/extensions/fxdriver@googlecode.com/components/driver-component.js:10770)
	at &lt;anonymous class&gt;.FirefoxDriver.prototype.findElement(file:///var/folders/q9/g34lf2p1191bnkkvwcf6bq7m0000gn/T/anonymous5308597434034993623webdriver-profile/extensions/fxdriver@googlecode.com/components/driver-component.js:10779)
	at &lt;anonymous class&gt;.DelayedCommand.prototype.executeInternal_/h(file:///var/folders/q9/g34lf2p1191bnkkvwcf6bq7m0000gn/T/anonymous5308597434034993623webdriver-profile/extensions/fxdriver@googlecode.com/components/command-processor.js:12661)
	at &lt;anonymous class&gt;.DelayedCommand.prototype.executeInternal_(file:///var/folders/q9/g34lf2p1191bnkkvwcf6bq7m0000gn/T/anonymous5308597434034993623webdriver-profile/extensions/fxdriver@googlecode.com/components/command-processor.js:12666)
	at &lt;anonymous class&gt;.DelayedCommand.prototype.execute/&lt;(file:///var/folders/q9/g34lf2p1191bnkkvwcf6bq7m0000gn/T/anonymous5308597434034993623webdriver-profile/extensions/fxdriver@googlecode.com/components/command-processor.js:12608)
</error>
  </testcase>
  <testcase classname="Scenario: validate the possim positive logon" name="And The application window is closed" time="0.005">
    <skipped/>
  </testcase>
  <testcase classname="Scenario: validate the possim negative logon with username" name="Given I open the bluerayon test application using possim" time="0"/>
  <testcase classname="Scenario: validate the possim negative logon with username" name="When I logon to the system using the following values:" time="0"/>
  <testcase classname="Scenario: validate the possim negative logon with username" name="Then The logon error page is displayed" time="0"/>
  <testcase classname="Scenario: validate the possim negative logon with username" name="And The application window is closed" time="0"/>
  <testcase classname="Scenario: validate the possim negative logon with username" name="Scenario: validate the possim negative logon with username" time="0"/>
  <testcase classname="Scenario: validate the possim negative logon with password" name="Given I open the bluerayon test application using possim" time="0"/>
  <testcase classname="Scenario: validate the possim negative logon with password" name="When I logon to the system using the following values:" time="0"/>
  <testcase classname="Scenario: validate the possim negative logon with password" name="Then The logon error page is displayed" time="0"/>
  <testcase classname="Scenario: validate the possim negative logon with password" name="And The application window is closed" time="0"/>
  <testcase classname="Scenario: validate the possim negative logon with password" name="Scenario: validate the possim negative logon with password" time="0"/>
  <testcase classname="Scenario: validate the possim negative logon with username and password" name="Given I open the bluerayon test application using possim" time="0"/>
  <testcase classname="Scenario: validate the possim negative logon with username and password" name="When I logon to the system using the following values:" time="0"/>
  <testcase classname="Scenario: validate the possim negative logon with username and password" name="Then The logon error page is displayed" time="0"/>
  <testcase classname="Scenario: validate the possim negative logon with username and password" name="And The application window is closed" time="0"/>
  <testcase classname="Scenario: validate the possim negative logon with username and password" name="Scenario: validate the possim negative logon with username and password" time="0.001"/>
</testsuite>